c:\ivan\op-laba4\laba-c++\debug\vc142.pdb
c:\ivan\op-laba4\laba-c++\debug\vc142.idb
c:\ivan\op-laba4\laba-c++\debug\laba-c++.obj
c:\ivan\op-laba4\laba-c++\debug\func.obj
c:\ivan\op-laba6\laba-c++\debug\vc142.pdb
c:\ivan\op-laba6\laba-c++\debug\vc142.idb
c:\ivan\op-laba6\laba-c++\debug\laba-c++.obj
c:\ivan\op-laba6\laba-c++\debug\func.obj
c:\ivan\op-laba4\laba-c++\debug\laba-c++.exe
c:\ivan\op-laba4\laba-c++\debug\laba-c++.ilk
c:\ivan\op-laba4\laba-c++\debug\laba-c++.pdb
c:\ivan\op-laba6\laba-c++\debug\func.obj.enc
c:\ivan\op-laba6\laba-c++\debug\laba-c++.pdb
c:\ivan\op-laba6\laba-c++\debug\laba-c++.tlog\cl.command.1.tlog
c:\ivan\op-laba6\laba-c++\debug\laba-c++.tlog\cl.read.1.tlog
c:\ivan\op-laba6\laba-c++\debug\laba-c++.tlog\cl.write.1.tlog
c:\ivan\op-laba6\laba-c++\debug\laba-c++.tlog\link-cvtres.read.1.tlog
c:\ivan\op-laba6\laba-c++\debug\laba-c++.tlog\link-cvtres.write.1.tlog
c:\ivan\op-laba6\laba-c++\debug\laba-c++.tlog\link-rc.read.1.tlog
c:\ivan\op-laba6\laba-c++\debug\laba-c++.tlog\link-rc.write.1.tlog
c:\ivan\op-laba6\laba-c++\debug\laba-c++.tlog\link.11292-cvtres.read.1.tlog
c:\ivan\op-laba6\laba-c++\debug\laba-c++.tlog\link.11292-cvtres.write.1.tlog
c:\ivan\op-laba6\laba-c++\debug\laba-c++.tlog\link.11292-rc.read.1.tlog
c:\ivan\op-laba6\laba-c++\debug\laba-c++.tlog\link.11292-rc.write.1.tlog
c:\ivan\op-laba6\laba-c++\debug\laba-c++.tlog\link.11292.read.1.tlog
c:\ivan\op-laba6\laba-c++\debug\laba-c++.tlog\link.11292.write.1.tlog
c:\ivan\op-laba6\laba-c++\debug\laba-c++.tlog\link.command.1.tlog
c:\ivan\op-laba6\laba-c++\debug\laba-c++.tlog\link.read.1.tlog
c:\ivan\op-laba6\laba-c++\debug\laba-c++.tlog\link.write.1.tlog
